Entorno al principio de la compilación:
VSLANG = 3082
MSBuildLoadMicrosoftTargetsReadOnly = true
VisualStudioEdition = Microsoft Visual Studio Community 2026
Path = C:\Program Files\Google\Chrome\Application;C:\Program Files (x86)\Common Files\Siemens\ACE\Bin;C:\Program Files\Common Files\Siemens\Automation\Simatic OAM\bin;C:\Program Files (x86)\Common Files\Siemens\Sqlany;C:\Program Files (x86)\Siemens\Step7\S7bin;C:\WINDOWS\system32;C:\WINDOWS;C:\WINDOWS\System32\Wbem;C:\WINDOWS\System32\WindowsPowerShell\v1.0\;C:\WINDOWS\System32\OpenSSH\;C:\Program Files\PKWARE\pkzipc;C:\Program Files\MATLAB\R2024b\runtime\win64;C:\Program Files\MATLAB\R2024b\bin;C:\Program Files\Microsoft SQL Server\Client SDK\ODBC\170\Tools\Binn\;C:\Program Files (x86)\Microsoft SQL Server\150\Tools\Binn\;C:\Program Files\Microsoft SQL Server\150\Tools\Binn\;C:\Program Files\Microsoft SQL Server\150\DTS\Binn\;C:\Program Files (x86)\Common Files\Siemens\;C:\Program Files (x86)\Common Files\Siemens\Interfaces;C:\Program Files (x86)\Common Files\Siemens\ACE\Interfaces;C:\Program Files\dotnet\;C:\Program Files (x86)\dotnet\;C:\Program Files (x86)\Windows Kits\10\Windows Performance Toolkit\;C:\Program Files\Microsoft SQL Server\170\Tools\Binn\;C:\Users\Marco\AppData\Local\Microsoft\WindowsApps;C:\Users\Marco\.dotnet\tools;C:\Program Files\Microsoft Visual Studio\18\Community\Common7\IDE\PrivateAssemblies\runtimes\win-x64\native
CommonProgramFiles(x86) = C:\Program Files (x86)\Common Files
VSSKUEDITION = Community
PROCESSOR_REVISION = 9a03
OneDrive = C:\Users\Marco\OneDrive
ProgramFiles(x86) = C:\Program Files (x86)
FPS_BROWSER_USER_PROFILE_STRING = Default
SignInWithHomeTenantOnly = False
COMPUTERNAME = DESKTOP-F84E4AL
LOCALAPPDATA = C:\Users\Marco\AppData\Local
PATHEXT = .COM;.EXE;.BAT;.CMD;.VBS;.VBE;.JS;.JSE;.WSF;.WSH;.MSC
CHROME_CRASHPAD_PIPE_NAME = \\.\pipe\crashpad_10980_UFJMKCFWYDOVHCQU
ALLUSERSPROFILE = C:\ProgramData
USERPROFILE = C:\Users\Marco
ProgramW6432 = C:\Program Files
CommonProgramFiles = C:\Program Files\Common Files
ZES_ENABLE_SYSMAN = 1
HOME = C:\Users\Marco\AppData\Roaming\SPB_Data
PROCESSOR_LEVEL = 6
SQLANY = C:\Program Files (x86)\Common Files\Siemens\Sqlany
IGCCSVC_DB = AQAAANCMnd8BFdERjHoAwE/Cl+sBAAAAzw2aSJz4iUOVtQOsZvO5ggQAAAACAAAAAAAQZgAAAAEAACAAAAAD97RPbEBlzKchBQwZ2yDy19axUVIDjyT6B4M4oUsZHgAAAAAOgAAAAAIAACAAAAD3BwPI8uoxnKApnbqVYlnleJxT2RGQ0f8hgomG+KkLsGAAAAAJhcuTyFB0+hFD/W1oikNqDXdLClP5+YS4NZWv2ByMpRq26enQ4mKCz3i4p9oX60HQPFOWlxyjFCBlwVgHKQ9BALoffZmj6t2Yd+1cc1xvRU7WXoIXpVCRE8RCScvMtF1AAAAA13vBtPdWR/PKKMIkoD7OICGQlGlJ9YFv7ytem69aPMXB4EikuH1QBXPT/1nAKMwBm4vHuhxCdt78mbDeA337pA==
OneDriveConsumer = C:\Users\Marco\OneDrive
windir = C:\WINDOWS
VS_Perf_Session_GCHeapCount = 2
PROCESSOR_ARCHITECTURE = AMD64
Simatic_OAM = C:\Program Files\Common Files\Siemens\Automation\Simatic OAM
TEMP = C:\Users\Marco\AppData\Local\Temp
SystemDrive = C:
SystemRoot = C:\WINDOWS
Simatic_OAM_DATA = C:\ProgramData\Siemens\Automation\Simatic OAM
S7TMP = C:\Program Files (x86)\Siemens\Step7\S7Tmp
VSAPPIDDIR = C:\Program Files\Microsoft Visual Studio\18\Community\Common7\IDE\
ComSpec = C:\WINDOWS\system32\cmd.exe
PUBLIC = C:\Users\Public
PROCESSOR_IDENTIFIER = Intel64 Family 6 Model 154 Stepping 3, GenuineIntel
FPS_BROWSER_APP_PROFILE_STRING = Internet Explorer
HOMEPATH = \Users\Marco
VisualStudioDir = C:\Users\Marco\OneDrive\Documentos\Visual Studio 18
USERDOMAIN_ROAMINGPROFILE = DESKTOP-F84E4AL
AutInstLog = C:\ProgramData\Siemens\Automation\Logfiles\Setup\
PkgDefApplicationConfigFile = C:\Users\Marco\AppData\Local\Microsoft\VisualStudio\18.0_ab63634f\devenv.exe.config
LOGONSERVER = \\DESKTOP-F84E4AL
HOMEDRIVE = C:
NUMBER_OF_PROCESSORS = 12
ProgramFiles = C:\Program Files
EFC_2904_1592913036 = 1
ServiceHubLogSessionKey = DEF135C3
VsPerMonitorDpiAwarenessEnabled.9032 = TRUE
SESSIONNAME = Console
USERNAME = Marco
PSModulePath = C:\Program Files\WindowsPowerShell\Modules;C:\WINDOWS\system32\WindowsPowerShell\v1.0\Modules;C:\Program Files (x86)\Microsoft SQL Server\150\Tools\PowerShell\Modules\
ProgramData = C:\ProgramData
ServiceHubHostServiceBrokerPipeName = \\.\pipe\70AE3A6D-2EA4-4832-8B2A-7859EA5068D2
OS = Windows_NT
VSAPPIDNAME = devenv.exe
USERDOMAIN = DESKTOP-F84E4AL
CommonProgramW6432 = C:\Program Files\Common Files
TMP = C:\Users\Marco\AppData\Local\Temp
ThreadedWaitDialogDpiContext = -4
VisualStudioVersion = 18.0
APPDATA = C:\Users\Marco\AppData\Roaming
__PSLockDownPolicy = 0
DriverData = C:\Windows\System32\Drivers\DriverData

  game.cpp
C:\Users\Marco\source\repos\ARCHON\boardgl.h(21,11): warning C4305: '=': truncamiento de 'double' a 'float'
  (compilando archivo de origen "game.cpp")
  
LINK : fatal error LNK1104: no se puede abrir el archivo 'glut32.lib'

Resumen del rendimiento del proyecto:
     1681 ms C:\Users\Marco\source\repos\ARCHON\ARCHON.vcxproj   1 llamadas
               1681 ms Build                                      1 llamadas

Resumen del rendimiento de destino:
        0 ms BuildGenerateSources                       1 llamadas
        0 ms ComputeCLOutputs                           1 llamadas
        0 ms ComputeManifestGeneratedLinkerInputs       1 llamadas
        0 ms _Xsd                                       1 llamadas
        0 ms ComputeRCGeneratedLinkInputs               1 llamadas
        0 ms ComputeMIDLGeneratedCompileInputs          1 llamadas
        0 ms AfterMidl                                  1 llamadas
        0 ms _Midl                                      1 llamadas
        0 ms AfterBuildGenerateSources                  1 llamadas
        0 ms AfterBuildGenerateSourcesEvent             1 llamadas
        0 ms ComputeRCOutputs                           1 llamadas
        0 ms BuildCompileTraverse                       1 llamadas
        0 ms BeforeClCompile                            1 llamadas
        0 ms ComputeCLGeneratedLinkInputs               1 llamadas
        0 ms ComputeCLInputPDBName                      1 llamadas
        0 ms GetReferencedVCProjectsInfo                1 llamadas
        0 ms ComputeReferenceCLInput                    1 llamadas
        0 ms ComputeLegacyManifestEmbedding             1 llamadas
        0 ms BuildLinkTraverse                          1 llamadas
        0 ms BuildCompile                               1 llamadas
        0 ms _BuildCompileAction                        1 llamadas
        0 ms MakeDirsForCl                              1 llamadas
        0 ms AfterBuildCompileEvent                     1 llamadas
        0 ms _ResourceCompile                           1 llamadas
        0 ms AfterClCompile                             1 llamadas
        0 ms _ClCompile                                 1 llamadas
        0 ms BeforeResourceCompile                      1 llamadas
        0 ms BeforeLink                                 1 llamadas
        0 ms MakeDirsForResourceCompile                 1 llamadas
        0 ms SelectCustomBuild                          1 llamadas
        0 ms PreBuildEvent                              1 llamadas
        0 ms _PrepareForBuild                           1 llamadas
        0 ms _PrepareForReferenceResolution             1 llamadas
        0 ms BeforeResolveReferences                    1 llamadas
        0 ms IgnoreJavaScriptOutputAssembly             1 llamadas
        0 ms PreLinkEvent                               1 llamadas
        0 ms _SplitProjectReferencesByFileExistence     1 llamadas
        0 ms _AddOutputPathToGlobalPropertiesToRemove   1 llamadas
        0 ms DoLinkOutputFilesMatch                     1 llamadas
        0 ms PrepareProjectReferences                   1 llamadas
        0 ms ResolveProjectReferences                   1 llamadas
        0 ms GetFrameworkPaths                          1 llamadas
        0 ms ComputeLinkInputsFromProject               1 llamadas
        0 ms PrepareResourceNames                       1 llamadas
        0 ms AfterResourceCompile                       1 llamadas
        0 ms AfterResolveReferences                     1 llamadas
        0 ms CreateCustomManifestResourceNames          1 llamadas
        0 ms ResolveSDKReferences                       1 llamadas
        0 ms ExpandSDKReferences                        1 llamadas
        0 ms SplitResourcesByCulture                    1 llamadas
        0 ms GetResolvedWinMD                           1 llamadas
        0 ms ResolveReferences                          1 llamadas
        0 ms ComputeManifestInputsTargets               1 llamadas
        0 ms BuildGenerateSourcesTraverse               1 llamadas
        0 ms BeforeBuildGenerateSources                 1 llamadas
        1 ms GetReferenceAssemblyPaths                  1 llamadas
        1 ms SetCABuildNativeEnvironmentVariables       1 llamadas
        1 ms SelectClCompile                            1 llamadas
        1 ms _CheckWindowsSDKInstalled                  1 llamadas
        1 ms SetTelemetryEnvironmentVariables           1 llamadas
        1 ms AddExternalIncludDirectoriesToPaths        1 llamadas
        1 ms ComputeLinkSwitches                        1 llamadas
        1 ms _CheckForInvalidConfigurationAndPlatform   1 llamadas
        1 ms AssignTargetPaths                          1 llamadas
        1 ms MakeDirsForMidl                            1 llamadas
        1 ms WarnCompileDuplicatedFilename              1 llamadas
        1 ms _BuildGenerateSourcesAction                1 llamadas
        1 ms CopyFileToFolders                          1 llamadas
        1 ms FindReferenceAssembliesForReferences       1 llamadas
        1 ms SetCppLanguageStandardCapabilities         1 llamadas
        1 ms MakeDirsForLink                            1 llamadas
        1 ms _SelectedFiles                             1 llamadas
        1 ms ResolveAssemblyReferences                  1 llamadas
        2 ms SetBuildDefaultEnvironmentVariables        1 llamadas
        2 ms ComputeCustomBuildOutput                   1 llamadas
        2 ms _GetProjectReferenceTargetFrameworkProperties   1 llamadas
        2 ms AssignProjectConfiguration                 1 llamadas
        3 ms FixupCLCompileOptions                      1 llamadas
        3 ms CustomBuild                                1 llamadas
        4 ms ComputeStdModulesCompileInputs             1 llamadas
        6 ms SetModuleDependencies                      1 llamadas
       13 ms PrepareForBuild                            1 llamadas
       23 ms InitializeBuildStatus                      1 llamadas
      270 ms Link                                       1 llamadas
     1319 ms ClCompile                                  1 llamadas

Resumen del rendimiento de la tarea:
        0 ms Message                                    2 llamadas
        0 ms AssignProjectConfiguration                 1 llamadas
        0 ms AssignCulture                              1 llamadas
        0 ms SetRidAgnosticValueForProjects             1 llamadas
        0 ms CheckVCToolsetVersion                      1 llamadas
        1 ms AssignTargetPath                           4 llamadas
        1 ms ReadLinesFromFile                          1 llamadas
        1 ms MSBuild                                    1 llamadas
        2 ms SetEnv                                    11 llamadas
        2 ms GetLibraryModuleSources                    1 llamadas
        3 ms VCMessage                                  1 llamadas
        3 ms GetOutOfDateItems                          3 llamadas
        4 ms SetModuleDependencies                      1 llamadas
        4 ms MakeDir                                    8 llamadas
        4 ms Touch                                      1 llamadas
       13 ms WriteLinesToFile                           1 llamadas
      269 ms Link                                       1 llamadas
     1316 ms CL                                         1 llamadas
